2025-07-06T18:05:19.374Z - [DB_INIT] Database already seeded. Skipping.
2025-07-06T18:05:19.376Z - [LOGIN] Attempting login for email: admin@45group.org
2025-07-06T18:05:19.379Z - [LOGIN] User found: admin@45group.org. Role: admin
2025-07-06T18:05:19.380Z - [LOGIN] Stored password hash from DB: 792971a3ee29b26c06a053306f5d2ea0:244,137,87,165,48,192,248,212,232,70,39,14,232,199,56,20,3,230,158,141,38,241,42,223,160,153,30,255,77,141,152,96,234,63,117,163,190,41,197,211,29,89,8,227,125,236,191,193,181,8,233,227,116,191,67,135,58,165,135,206,17,226,244,143
2025-07-06T18:05:19.384Z - [LOGIN] Provided password: password
2025-07-06T18:05:20.211Z - [LOGIN] Generated key from input (hex): 244,137,87,165,48,192,248,212,232,70,39,14,232,199,56,20,3,230,158,141,38,241,42,223,160,153,30,255,77,141,152,96,234,63,117,163,190,41,197,211,29,89,8,227,125,236,191,193,181,8,233,227,116,191,67,135,58,165,135,206,17,226,244,143
2025-07-06T18:05:20.214Z - [LOGIN] Stored key from DB (hex): 24
2025-07-06T18:05:20.217Z - [LOGIN] Key length mismatch. This should not happen and indicates a potential hash corruption.
2025-07-06T18:05:45.565Z - [SETPASS] Hashing new password for user: admin@45group.org
2025-07-06T18:05:46.340Z - [SETPASS]   - New Hashed Password: d43e2cbac01953da54c5dd399f896615:58,192,62,219,206,5,31,23,148,85,156,98,148,97,23,144,152,79,195,100,254,20,218,18,130,202,108,164,124,212,2,195,171,4,117,105,21,226,12,248,171,40,88,230,84,238,187,161,80,16,138,255,21,228,192,15,137,206,125,75,14,91,117,218
2025-07-06T18:05:46.349Z - [SETPASS] Successfully updated password for user: admin@45group.org
2025-07-06T18:05:54.220Z - [LOGIN] Attempting login for email: admin@45group.org
2025-07-06T18:05:54.221Z - [LOGIN] User found: admin@45group.org. Role: admin
2025-07-06T18:05:54.226Z - [LOGIN] Stored password hash from DB: d43e2cbac01953da54c5dd399f896615:58,192,62,219,206,5,31,23,148,85,156,98,148,97,23,144,152,79,195,100,254,20,218,18,130,202,108,164,124,212,2,195,171,4,117,105,21,226,12,248,171,40,88,230,84,238,187,161,80,16,138,255,21,228,192,15,137,206,125,75,14,91,117,218
2025-07-06T18:05:54.233Z - [LOGIN] Provided password: password
2025-07-06T18:05:54.733Z - [LOGIN] Generated key from input (hex): 58,192,62,219,206,5,31,23,148,85,156,98,148,97,23,144,152,79,195,100,254,20,218,18,130,202,108,164,124,212,2,195,171,4,117,105,21,226,12,248,171,40,88,230,84,238,187,161,80,16,138,255,21,228,192,15,137,206,125,75,14,91,117,218
2025-07-06T18:05:54.734Z - [LOGIN] Stored key from DB (hex): 58
2025-07-06T18:05:54.734Z - [LOGIN] Key length mismatch. This should not happen and indicates a potential hash corruption.
2025-07-06T18:06:14.434Z - [SETPASS] Hashing new password for user: admin@45group.org
2025-07-06T18:06:14.925Z - [SETPASS]   - New Hashed Password: c825f15f9df82cde23bbdcf98096acf6:55,140,246,16,98,211,21,22,154,183,194,12,122,146,119,200,57,13,205,129,42,105,95,9,229,75,181,219,49,74,131,174,210,8,238,6,117,75,130,62,193,52,248,146,39,191,54,63,126,15,42,48,6,148,181,87,28,95,175,241,226,61,33,15
2025-07-06T18:06:14.927Z - [SETPASS] Successfully updated password for user: admin@45group.org
2025-07-06T18:08:03.616Z - [LOGIN] Attempting login for email: admin@45group.org
2025-07-06T18:08:03.619Z - [LOGIN] User found: admin@45group.org. Role: admin
2025-07-06T18:08:03.623Z - [LOGIN] Stored password hash from DB: c825f15f9df82cde23bbdcf98096acf6:55,140,246,16,98,211,21,22,154,183,194,12,122,146,119,200,57,13,205,129,42,105,95,9,229,75,181,219,49,74,131,174,210,8,238,6,117,75,130,62,193,52,248,146,39,191,54,63,126,15,42,48,6,148,181,87,28,95,175,241,226,61,33,15
2025-07-06T18:08:03.624Z - [LOGIN] Provided password: password
2025-07-06T18:08:04.120Z - [LOGIN] Generated key from input (hex): 55,140,246,16,98,211,21,22,154,183,194,12,122,146,119,200,57,13,205,129,42,105,95,9,229,75,181,219,49,74,131,174,210,8,238,6,117,75,130,62,193,52,248,146,39,191,54,63,126,15,42,48,6,148,181,87,28,95,175,241,226,61,33,15
2025-07-06T18:08:04.122Z - [LOGIN] Stored key from DB (hex): 55
2025-07-06T18:08:04.126Z - [LOGIN] Key length mismatch. This should not happen and indicates a potential hash corruption.
2025-07-06T18:09:28.800Z - [DB_INIT] Database already seeded and not marked for reset. Skipping seeding.
2025-07-06T18:10:02.893Z - [DB_INIT] Database already seeded and not marked for reset. Skipping seeding.
2025-07-06T18:10:02.903Z - [SETPASS] Hashing new password for user: admin@45group.org
2025-07-06T18:10:03.479Z - [HASH] Hashing password. Salt: ad6d7eae8b03457afbf6e04a65a6a6d6, Hash: ad6d7eae8b03457afbf6e04a65a6a6d6:119,227,138,64,82,197,112,90,53,99,62,80,196,90,174,239,157,140,31,113,74,252,182,7,193,110,5,192,242,88,124,51,237,108,196,98,13,218,202,99,94,6,126,54,33,254,104,84,28,11,83,130,86,94,0,1,154,112,211,135,64,78,165,245
2025-07-06T18:10:03.483Z - [SETPASS]   - New Hashed Password: ad6d7eae8b03457afbf6e04a65a6a6d6:119,227,138,64,82,197,112,90,53,99,62,80,196,90,174,239,157,140,31,113,74,252,182,7,193,110,5,192,242,88,124,51,237,108,196,98,13,218,202,99,94,6,126,54,33,254,104,84,28,11,83,130,86,94,0,1,154,112,211,135,64,78,165,245
2025-07-06T18:10:03.487Z - [SETPASS] Successfully updated password for user: admin@45group.org
2025-07-06T18:10:33.485Z - [DB_INIT] Database already seeded and not marked for reset. Skipping seeding.
2025-07-06T18:10:33.487Z - [LOGIN] Attempting login for email: admin@45group.org
2025-07-06T18:10:33.488Z - [LOGIN] User found: admin@45group.org. Role: admin
2025-07-06T18:10:33.489Z - [VERIFY] Verifying password. Provided hash: ad6d7eae8b03457afbf6e04a65a6a6d6:119,227,138,64,82,197,112,90,53,99,62,80,196,90,174,239,157,140,31,113,74,252,182,7,193,110,5,192,242,88,124,51,237,108,196,98,13,218,202,99,94,6,126,54,33,254,104,84,28,11,83,130,86,94,0,1,154,112,211,135,64,78,165,245
2025-07-06T18:10:34.035Z - [VERIFY] Salt from hash: ad6d7eae8b03457afbf6e04a65a6a6d6
2025-07-06T18:10:34.040Z - [VERIFY] Key from hash: 11
2025-07-06T18:10:34.049Z - [VERIFY] Generated key from input: 119,227,138,64,82,197,112,90,53,99,62,80,196,90,174,239,157,140,31,113,74,252,182,7,193,110,5,192,242,88,124,51,237,108,196,98,13,218,202,99,94,6,126,54,33,254,104,84,28,11,83,130,86,94,0,1,154,112,211,135,64,78,165,245
2025-07-06T18:10:34.052Z - [VERIFY] Key length mismatch.
2025-07-06T18:10:34.057Z - [LOGIN] Password mismatch for user: admin@45group.org
2025-07-06T18:13:03.433Z - [DB_INIT] Database already seeded and not marked for reset. Skipping seeding.
2025-07-06T18:14:18.576Z - [DB_INIT] Database already seeded and not marked for reset. Skipping seeding.
2025-07-06T18:14:18.583Z - [SETPASS] Hashing new password for user: admin@45group.org
2025-07-06T18:14:19.246Z - [HASH] Hashing password. Salt: 53e62c39194ee865b28102d31aca49f9, Hash: 53e62c39194ee865b28102d31aca49f9:167,123,83,16,49,58,254,209,42,3,234,72,50,168,32,198,204,58,255,241,71,109,172,106,10,45,41,55,139,130,103,0,0,71,209,248,237,178,231,140,8,160,75,145,130,160,50,22,170,147,31,127,40,88,255,232,239,139,59,90,135,40,212,149
2025-07-06T18:14:19.247Z - [SETPASS]   - New Hashed Password: 53e62c39194ee865b28102d31aca49f9:167,123,83,16,49,58,254,209,42,3,234,72,50,168,32,198,204,58,255,241,71,109,172,106,10,45,41,55,139,130,103,0,0,71,209,248,237,178,231,140,8,160,75,145,130,160,50,22,170,147,31,127,40,88,255,232,239,139,59,90,135,40,212,149
2025-07-06T18:14:19.247Z - [SETPASS] Successfully updated password for user: admin@45group.org
2025-07-06T18:14:22.874Z - [VERIFY_LOGIN_TOOL] Attempting verification for email: admin@45group.org
2025-07-06T18:14:22.879Z - [VERIFY] Verifying password. Provided hash: 53e62c39194ee865b28102d31aca49f9:167,123,83,16,49,58,254,209,42,3,234,72,50,168,32,198,204,58,255,241,71,109,172,106,10,45,41,55,139,130,103,0,0,71,209,248,237,178,231,140,8,160,75,145,130,160,50,22,170,147,31,127,40,88,255,232,239,139,59,90,135,40,212,149
2025-07-06T18:14:23.749Z - [VERIFY] Salt from hash: 53e62c39194ee865b28102d31aca49f9
2025-07-06T18:14:23.750Z - [VERIFY] Key from hash: 16
2025-07-06T18:14:23.753Z - [VERIFY] Generated key from input: 167,123,83,16,49,58,254,209,42,3,234,72,50,168,32,198,204,58,255,241,71,109,172,106,10,45,41,55,139,130,103,0,0,71,209,248,237,178,231,140,8,160,75,145,130,160,50,22,170,147,31,127,40,88,255,232,239,139,59,90,135,40,212,149
2025-07-06T18:14:23.754Z - [VERIFY] Key length mismatch.
2025-07-06T18:14:23.757Z - [VERIFY_LOGIN_TOOL] Password mismatch for user: admin@45group.org
2025-07-06T18:14:28.450Z - [SETPASS] Hashing new password for user: admin@45group.org
2025-07-06T18:14:28.975Z - [HASH] Hashing password. Salt: b53e8ce8582cd79413ed79cef91fb32e, Hash: b53e8ce8582cd79413ed79cef91fb32e:51,188,229,233,73,155,235,114,241,112,45,192,91,246,153,169,55,244,51,99,182,21,23,222,173,108,124,78,70,14,219,118,34,248,23,106,215,143,132,38,101,201,235,172,147,230,140,94,218,255,24,133,31,164,130,173,137,221,53,225,54,126,185,86
2025-07-06T18:14:28.977Z - [SETPASS]   - New Hashed Password: b53e8ce8582cd79413ed79cef91fb32e:51,188,229,233,73,155,235,114,241,112,45,192,91,246,153,169,55,244,51,99,182,21,23,222,173,108,124,78,70,14,219,118,34,248,23,106,215,143,132,38,101,201,235,172,147,230,140,94,218,255,24,133,31,164,130,173,137,221,53,225,54,126,185,86
2025-07-06T18:14:28.977Z - [SETPASS] Successfully updated password for user: admin@45group.org
2025-07-06T18:14:39.419Z - [VERIFY_LOGIN_TOOL] Attempting verification for email: admin@45group.org
2025-07-06T18:14:39.421Z - [VERIFY] Verifying password. Provided hash: b53e8ce8582cd79413ed79cef91fb32e:51,188,229,233,73,155,235,114,241,112,45,192,91,246,153,169,55,244,51,99,182,21,23,222,173,108,124,78,70,14,219,118,34,248,23,106,215,143,132,38,101,201,235,172,147,230,140,94,218,255,24,133,31,164,130,173,137,221,53,225,54,126,185,86
2025-07-06T18:14:40.110Z - [VERIFY] Salt from hash: b53e8ce8582cd79413ed79cef91fb32e
2025-07-06T18:14:40.111Z - [VERIFY] Key from hash: 51
2025-07-06T18:14:40.112Z - [VERIFY] Generated key from input: 51,188,229,233,73,155,235,114,241,112,45,192,91,246,153,169,55,244,51,99,182,21,23,222,173,108,124,78,70,14,219,118,34,248,23,106,215,143,132,38,101,201,235,172,147,230,140,94,218,255,24,133,31,164,130,173,137,221,53,225,54,126,185,86
2025-07-06T18:14:40.115Z - [VERIFY] Key length mismatch.
2025-07-06T18:14:40.115Z - [VERIFY_LOGIN_TOOL] Password mismatch for user: admin@45group.org
2025-07-06T18:14:54.258Z - [DB_INIT] Database already seeded and not marked for reset. Skipping seeding.
2025-07-06T18:14:54.262Z - [SETPASS] Hashing new password for user: admin@45group.org
2025-07-06T18:14:54.839Z - [HASH] Hashing password. Salt: fc951e58b5fbfd26da59a71757532a5f, Hash: fc951e58b5fbfd26da59a71757532a5f:113,117,120,109,109,58,145,106,159,179,31,30,192,150,209,125,211,140,162,217,213,206,13,114,172,114,17,130,91,249,73,255,96,225,55,135,106,218,50,249,217,213,90,30,137,158,16,107,199,75,248,146,6,18,116,120,131,187,122,78,169,16,196,220
2025-07-06T18:14:54.844Z - [SETPASS]   - New Hashed Password: fc951e58b5fbfd26da59a71757532a5f:113,117,120,109,109,58,145,106,159,179,31,30,192,150,209,125,211,140,162,217,213,206,13,114,172,114,17,130,91,249,73,255,96,225,55,135,106,218,50,249,217,213,90,30,137,158,16,107,199,75,248,146,6,18,116,120,131,187,122,78,169,16,196,220
2025-07-06T18:14:54.847Z - [SETPASS] Successfully updated password for user: admin@45group.org
2025-07-06T18:14:59.442Z - [VERIFY_LOGIN_TOOL] Attempting verification for email: admin@45group.org
2025-07-06T18:14:59.444Z - [VERIFY] Verifying password. Provided hash: fc951e58b5fbfd26da59a71757532a5f:113,117,120,109,109,58,145,106,159,179,31,30,192,150,209,125,211,140,162,217,213,206,13,114,172,114,17,130,91,249,73,255,96,225,55,135,106,218,50,249,217,213,90,30,137,158,16,107,199,75,248,146,6,18,116,120,131,187,122,78,169,16,196,220
2025-07-06T18:14:59.964Z - [VERIFY] Salt from hash: fc951e58b5fbfd26da59a71757532a5f
2025-07-06T18:14:59.967Z - [VERIFY] Key from hash: 11
2025-07-06T18:14:59.968Z - [VERIFY] Generated key from input: 113,117,120,109,109,58,145,106,159,179,31,30,192,150,209,125,211,140,162,217,213,206,13,114,172,114,17,130,91,249,73,255,96,225,55,135,106,218,50,249,217,213,90,30,137,158,16,107,199,75,248,146,6,18,116,120,131,187,122,78,169,16,196,220
2025-07-06T18:14:59.970Z - [VERIFY] Key length mismatch.
2025-07-06T18:14:59.973Z - [VERIFY_LOGIN_TOOL] Password mismatch for user: admin@45group.org
2025-07-06T18:16:23.078Z - [DB_INIT] Database already seeded and not marked for reset. Skipping seeding.
2025-07-06T18:20:28.837Z - [DB_INIT] Database already seeded and not marked for reset. Skipping seeding.
2025-07-06T18:20:28.844Z - [SETPASS] Hashing new password for user: admin@45group.org
2025-07-06T18:20:29.560Z - [HASH] Hashing password. Salt: 5fbda291aa05941677f7796142152ed1, Hash: 5fbda291aa05941677f7796142152ed1:100,41,252,189,90,74,4,9,166,233,182,55,118,164,153,108,106,23,245,20,183,173,14,120,12,54,212,75,247,140,57,62,109,244,48,21,98,186,249,227,148,218,124,98,124,39,147,60,97,220,98,99,24,203,11,149,111,229,56,44,182,113,122,14
2025-07-06T18:20:29.567Z - [SETPASS]   - New Hashed Password: 5fbda291aa05941677f7796142152ed1:100,41,252,189,90,74,4,9,166,233,182,55,118,164,153,108,106,23,245,20,183,173,14,120,12,54,212,75,247,140,57,62,109,244,48,21,98,186,249,227,148,218,124,98,124,39,147,60,97,220,98,99,24,203,11,149,111,229,56,44,182,113,122,14
2025-07-06T18:20:29.568Z - [SETPASS] Successfully updated password for user: admin@45group.org
2025-07-06T18:20:38.133Z - [VERIFY_LOGIN_TOOL] Attempting verification for email: admin@45group.org
2025-07-06T18:20:38.134Z - [VERIFY] Verifying password. Provided hash: 5fbda291aa05941677f7796142152ed1:100,41,252,189,90,74,4,9,166,233,182,55,118,164,153,108,106,23,245,20,183,173,14,120,12,54,212,75,247,140,57,62,109,244,48,21,98,186,249,227,148,218,124,98,124,39,147,60,97,220,98,99,24,203,11,149,111,229,56,44,182,113,122,14
2025-07-06T18:20:38.845Z - [VERIFY] Salt from hash: 5fbda291aa05941677f7796142152ed1
2025-07-06T18:20:38.851Z - [VERIFY] Key from hash: 10
2025-07-06T18:20:38.852Z - [VERIFY] Generated key from input: 100,41,252,189,90,74,4,9,166,233,182,55,118,164,153,108,106,23,245,20,183,173,14,120,12,54,212,75,247,140,57,62,109,244,48,21,98,186,249,227,148,218,124,98,124,39,147,60,97,220,98,99,24,203,11,149,111,229,56,44,182,113,122,14
2025-07-06T18:20:38.853Z - [VERIFY] Key length mismatch.
2025-07-06T18:20:38.856Z - [VERIFY_LOGIN_TOOL] Password mismatch for user: admin@45group.org
2025-07-06T18:23:16.659Z - [SETPASS] Hashing new password for user: admin@45group.org
2025-07-06T18:23:17.204Z - [HASH] Hashing password. Salt: 9b456d4e1a7acbbc151f07e3f22b1658, Hash: 9b456d4e1a7acbbc151f07e3f22b1658:58,198,6,18,190,70,231,38,35,1,115,79,0,52,71,125,209,245,66,34,100,26,176,128,45,118,166,192,81,70,97,148,145,213,2,120,23,138,18,223,55,69,133,172,81,22,134,65,14,194,81,183,205,24,149,234,91,1,49,177,99,73,254,156
2025-07-06T18:23:17.205Z - [SETPASS]   - New Hashed Password: 9b456d4e1a7acbbc151f07e3f22b1658:58,198,6,18,190,70,231,38,35,1,115,79,0,52,71,125,209,245,66,34,100,26,176,128,45,118,166,192,81,70,97,148,145,213,2,120,23,138,18,223,55,69,133,172,81,22,134,65,14,194,81,183,205,24,149,234,91,1,49,177,99,73,254,156
2025-07-06T18:23:17.208Z - [SETPASS] Successfully updated password for user: admin@45group.org
2025-07-06T18:23:24.319Z - [VERIFY_LOGIN_TOOL] Attempting verification for email: admin@45group.org
2025-07-06T18:23:24.323Z - [VERIFY] Verifying password. Provided hash: 9b456d4e1a7acbbc151f07e3f22b1658:58,198,6,18,190,70,231,38,35,1,115,79,0,52,71,125,209,245,66,34,100,26,176,128,45,118,166,192,81,70,97,148,145,213,2,120,23,138,18,223,55,69,133,172,81,22,134,65,14,194,81,183,205,24,149,234,91,1,49,177,99,73,254,156
2025-07-06T18:23:24.796Z - [VERIFY] Salt from hash: 9b456d4e1a7acbbc151f07e3f22b1658
2025-07-06T18:23:24.797Z - [VERIFY] Key from hash: 58
2025-07-06T18:23:24.802Z - [VERIFY] Generated key from input: 58,198,6,18,190,70,231,38,35,1,115,79,0,52,71,125,209,245,66,34,100,26,176,128,45,118,166,192,81,70,97,148,145,213,2,120,23,138,18,223,55,69,133,172,81,22,134,65,14,194,81,183,205,24,149,234,91,1,49,177,99,73,254,156
2025-07-06T18:23:24.810Z - [VERIFY] Key length mismatch.
2025-07-06T18:23:24.812Z - [VERIFY_LOGIN_TOOL] Password mismatch for user: admin@45group.org
2025-07-06T18:24:48.442Z - [DB_INIT] Database not found or empty. Starting seeding process...
2025-07-06T18:24:48.506Z - [DB_INIT] Tables created.
2025-07-06T18:24:48.626Z - [DB_INIT] Hashing password for user: admin@45group.org
2025-07-06T18:24:49.277Z - [HASH] Hashing password. Salt: 71bb0d4ec308bf2132ebb255341486b8, Hash: 71bb0d4ec308bf2132ebb255341486b8:11,199,112,111,53,21,249,247,140,192,74,123,148,236,212,23,103,199,64,241,37,207,187,148,95,95,67,245,101,164,140,131,103,110,121,6,151,160,33,161,255,97,99,25,120,136,126,222,72,42,120,85,78,225,117,106,232,237,81,226,111,228,250,127
2025-07-06T18:24:49.279Z - [DB_INIT] Hashing password for user: guest@45group.org
2025-07-06T18:24:49.799Z - [HASH] Hashing password. Salt: 6a71a89d5f8851b0e8d479e2d0f99c2b, Hash: 6a71a89d5f8851b0e8d479e2d0f99c2b:13,19,174,207,253,101,209,189,166,180,75,38,58,93,156,200,132,223,57,191,2,32,233,167,57,174,128,85,239,236,149,21,19,0,57,172,94,24,71,193,227,157,22,133,121,166,185,175,51,138,231,241,191,182,67,97,26,42,250,4,23,19,81,181
2025-07-06T18:24:49.806Z - [DB_INIT] Users table seeded.
2025-07-06T18:24:49.811Z - [DB_INIT] Listings table seeded.
2025-07-06T18:24:49.812Z - [DB_INIT] Bookings table seeded.
2025-07-06T18:25:44.659Z - [DB_INIT] Reset flag found or table structure is old. Dropping all tables for reseeding.
2025-07-06T18:25:44.734Z - [DB_INIT] Database not found or empty. Starting seeding process...
2025-07-06T18:25:44.894Z - [DB_INIT] Tables created.
2025-07-06T18:25:45.064Z - [DB_INIT] Hashing password for user: admin@45group.org
2025-07-06T18:25:45.600Z - [HASH] Hashing password. Salt: fbd886c270b48282a9a1e6922a8449dd, Hash: fbd886c270b48282a9a1e6922a8449dd:195,150,163,176,199,53,199,136,69,81,207,144,133,119,43,26,229,108,230,137,83,252,129,100,145,6,94,95,50,51,48,208,29,112,124,176,235,1,35,221,155,59,209,151,46,250,246,125,10,62,234,142,129,222,251,137,185,49,122,60,69,44,148,217
2025-07-06T18:25:45.602Z - [DB_INIT] Hashing password for user: guest@45group.org
2025-07-06T18:25:46.133Z - [HASH] Hashing password. Salt: 04c75a85c7883067693196eb3697b0b5, Hash: 04c75a85c7883067693196eb3697b0b5:252,215,123,219,203,65,170,90,83,0,10,0,34,252,155,118,62,70,7,37,242,251,58,67,98,25,75,8,15,117,94,207,29,174,227,14,73,229,210,172,209,48,178,235,149,207,88,142,57,233,54,12,174,121,150,53,227,23,7,35,92,118,20,75
2025-07-06T18:25:46.140Z - [DB_INIT] Users table seeded.
2025-07-06T18:25:46.142Z - [DB_INIT] Listings table seeded.
2025-07-06T18:25:46.146Z - [DB_INIT] Bookings table seeded.
2025-07-06T18:26:27.526Z - [DB_INIT] Reset flag found or table structure is old. Dropping all tables for reseeding.
2025-07-06T18:26:27.620Z - [DB_INIT] Database not found or empty. Starting seeding process...
2025-07-06T18:26:27.888Z - [DB_INIT] Tables created.
2025-07-06T18:26:28.065Z - [DB_INIT] Hashing password for user: admin@45group.org
2025-07-06T18:26:28.573Z - [HASH] Hashing password. Salt: 3e790613c38035ef892d6ceab7a5f5cf, Hash: 3e790613c38035ef892d6ceab7a5f5cf:46,151,124,14,216,223,169,251,162,97,239,52,150,126,83,208,101,97,154,49,184,13,197,216,61,167,197,41,85,147,222,219,245,26,243,61,156,240,185,164,105,210,126,39,24,95,238,61,222,62,92,167,89,198,221,120,63,171,65,119,230,149,29,80
2025-07-06T18:26:28.576Z - [DB_INIT] Hashing password for user: guest@45group.org
2025-07-06T18:26:29.106Z - [HASH] Hashing password. Salt: f28aae16c5bf0825f4b8a2947803fda8, Hash: f28aae16c5bf0825f4b8a2947803fda8:14,222,134,46,116,159,46,68,50,198,241,218,21,234,6,247,70,58,79,153,40,33,153,49,217,132,49,240,166,169,107,167,63,55,234,154,42,57,71,109,152,252,37,74,243,145,138,27,213,75,96,129,229,28,1,73,187,175,122,145,157,255,74,10
2025-07-06T18:26:29.114Z - [DB_INIT] Users table seeded.
2025-07-06T18:26:29.115Z - [DB_INIT] Listings table seeded.
2025-07-06T18:26:29.123Z - [DB_INIT] Bookings table seeded.
2025-07-06T18:27:11.989Z - [DB_INIT] Reset flag found or table structure is old. Dropping all tables for reseeding.
2025-07-06T18:27:12.162Z - [DB_INIT] Database not found or empty. Starting seeding process...
2025-07-06T18:27:12.506Z - [DB_INIT] Tables created.
2025-07-06T18:27:12.596Z - [DB_INIT] Hashing password for user: admin@45group.org
2025-07-06T18:27:13.580Z - [HASH] Hashing password. Salt: 301d11049679a7ff927869a1bfc05ac7, Hash: 301d11049679a7ff927869a1bfc05ac7:222,49,55,68,138,212,226,228,123,57,175,187,103,69,148,149,213,3,215,7,53,47,6,198,151,1,6,21,10,35,37,79,212,48,68,7,243,236,10,112,133,152,241,27,223,25,92,37,120,181,244,78,52,90,56,215,186,71,161,201,141,103,120,147
2025-07-06T18:27:13.584Z - [DB_INIT] Hashing password for user: guest@45group.org
2025-07-06T18:27:14.309Z - [HASH] Hashing password. Salt: 2fb9a2303a06fa825b768083c6d3dc52, Hash: 2fb9a2303a06fa825b768083c6d3dc52:252,240,155,200,107,216,40,141,196,67,89,103,170,65,21,36,148,23,94,119,105,202,159,225,191,140,246,31,174,50,125,176,12,244,94,200,77,144,119,202,19,48,122,7,162,4,130,52,171,40,221,216,69,231,120,34,12,22,173,160,117,31,1,45
2025-07-06T18:27:14.315Z - [DB_INIT] Users table seeded.
2025-07-06T18:27:14.316Z - [DB_INIT] Listings table seeded.
2025-07-06T18:27:14.323Z - [DB_INIT] Bookings table seeded.
